;  LST file generated by mikroListExporter - v.2.0 
; Date/Time: 7/30/2023 10:55:36 PM
;----------------------------------------------

;Address Opcode 	ASM
0x0000	0x28FF      	GOTO       255
_____DoICP:
;__Lib_System.c,6 :: 		
;__Lib_System.c,9 :: 		
0x0003	0x1283      	BCF        STATUS, 5
0x0004	0x1303      	BCF        STATUS, 6
0x0005	0x0821      	MOVF       ___DoICPAddr+1, 0
0x0006	0x008A      	MOVWF      PCLATH
;__Lib_System.c,10 :: 		
0x0007	0x0820      	MOVF       ___DoICPAddr, 0
0x0008	0x0082      	MOVWF      PCL
;__Lib_System.c,12 :: 		
L_end_____DoICP:
0x0009	0x0008      	RETURN
; end of _____DoICP
_turnOnFirstLeds:
;Traffic light.c,40 :: 		void turnOnFirstLeds(int count){
;Traffic light.c,41 :: 		portc.b4 = 1; // The red led will be always on untill the loop finishes
0x000A	0x1283      	BCF        STATUS, 5
0x000B	0x1303      	BCF        STATUS, 6
0x000C	0x1607      	BSF        PORTC, 4
;Traffic light.c,42 :: 		if (count <= 3){
0x000D	0x3080      	MOVLW      128
0x000E	0x00F0      	MOVWF      R0
0x000F	0x3080      	MOVLW      128
0x0010	0x0629      	XORWF      FARG_turnOnFirstLeds_count+1, 0
0x0011	0x0270      	SUBWF      R0, 0
0x0012	0x1D03      	BTFSS      STATUS, 2
0x0013	0x2816      	GOTO       L__turnOnFirstLeds66
0x0014	0x0828      	MOVF       FARG_turnOnFirstLeds_count, 0
0x0015	0x3C03      	SUBLW      3
L__turnOnFirstLeds66:
0x0016	0x1C03      	BTFSS      STATUS, 0
0x0017	0x281B      	GOTO       L_turnOnFirstLeds15
;Traffic light.c,43 :: 		portc.b3 = 0; // green led
0x0018	0x1187      	BCF        PORTC, 3
;Traffic light.c,44 :: 		portc.b2 = 1; // yellow led
0x0019	0x1507      	BSF        PORTC, 2
;Traffic light.c,45 :: 		}
0x001A	0x281C      	GOTO       L_turnOnFirstLeds16
L_turnOnFirstLeds15:
;Traffic light.c,47 :: 		portc.b3 = 1;
0x001B	0x1587      	BSF        PORTC, 3
L_turnOnFirstLeds16:
;Traffic light.c,49 :: 		if (count == 0){
0x001C	0x3000      	MOVLW      0
0x001D	0x0629      	XORWF      FARG_turnOnFirstLeds_count+1, 0
0x001E	0x1D03      	BTFSS      STATUS, 2
0x001F	0x2822      	GOTO       L__turnOnFirstLeds67
0x0020	0x3000      	MOVLW      0
0x0021	0x0628      	XORWF      FARG_turnOnFirstLeds_count, 0
L__turnOnFirstLeds67:
0x0022	0x1D03      	BTFSS      STATUS, 2
0x0023	0x2827      	GOTO       L_turnOnFirstLeds17
;Traffic light.c,50 :: 		portc.b4 = 0;
0x0024	0x1207      	BCF        PORTC, 4
;Traffic light.c,51 :: 		portc.b3 = 0;
0x0025	0x1187      	BCF        PORTC, 3
;Traffic light.c,52 :: 		portc.b2 = 0;
0x0026	0x1107      	BCF        PORTC, 2
;Traffic light.c,53 :: 		}
L_turnOnFirstLeds17:
;Traffic light.c,54 :: 		}
L_end_turnOnFirstLeds:
0x0027	0x0008      	RETURN
; end of _turnOnFirstLeds
_find:
;Traffic light.c,33 :: 		int find(){
;Traffic light.c,34 :: 		if (portc.b7 == 1)
0x0028	0x1283      	BCF        STATUS, 5
0x0029	0x1303      	BCF        STATUS, 6
0x002A	0x1F87      	BTFSS      PORTC, 7
0x002B	0x2831      	GOTO       L_find13
;Traffic light.c,35 :: 		return 1;
0x002C	0x3001      	MOVLW      1
0x002D	0x00F0      	MOVWF      R0
0x002E	0x3000      	MOVLW      0
0x002F	0x00F1      	MOVWF      R0+1
0x0030	0x2835      	GOTO       L_end_find
L_find13:
;Traffic light.c,37 :: 		return -1; // default value
0x0031	0x30FF      	MOVLW      255
0x0032	0x00F0      	MOVWF      R0
0x0033	0x30FF      	MOVLW      255
0x0034	0x00F1      	MOVWF      R0+1
;Traffic light.c,38 :: 		}
L_end_find:
0x0035	0x0008      	RETURN
; end of _find
_manual:
;Traffic light.c,3 :: 		void manual(){
;Traffic light.c,5 :: 		if (flag == 2){
0x0036	0x3000      	MOVLW      0
0x0037	0x1283      	BCF        STATUS, 5
0x0038	0x1303      	BCF        STATUS, 6
0x0039	0x0623      	XORWF      _flag+1, 0
0x003A	0x1D03      	BTFSS      STATUS, 2
0x003B	0x283E      	GOTO       L__manual58
0x003C	0x3002      	MOVLW      2
0x003D	0x0622      	XORWF      _flag, 0
L__manual58:
0x003E	0x1D03      	BTFSS      STATUS, 2
0x003F	0x2875      	GOTO       L_manual0
;Traffic light.c,6 :: 		portc.b3 = 0;
0x0040	0x1187      	BCF        PORTC, 3
;Traffic light.c,7 :: 		portc.b2 = 1;
0x0041	0x1507      	BSF        PORTC, 2
;Traffic light.c,8 :: 		for (j = 3; j >= 0; --j){
0x0042	0x3003      	MOVLW      3
0x0043	0x00F1      	MOVWF      R1
0x0044	0x3000      	MOVLW      0
0x0045	0x00F2      	MOVWF      R1+1
L_manual1:
0x0046	0x3080      	MOVLW      128
0x0047	0x0672      	XORWF      R1+1, 0
0x0048	0x00F0      	MOVWF      R0
0x0049	0x3080      	MOVLW      128
0x004A	0x0270      	SUBWF      R0, 0
0x004B	0x1D03      	BTFSS      STATUS, 2
0x004C	0x284F      	GOTO       L__manual59
0x004D	0x3000      	MOVLW      0
0x004E	0x0271      	SUBWF      R1, 0
L__manual59:
0x004F	0x1C03      	BTFSS      STATUS, 0
0x0050	0x2874      	GOTO       L_manual2
;Traffic light.c,9 :: 		value = 3;
0x0051	0x3003      	MOVLW      3
0x0052	0x00A4      	MOVWF      _value
0x0053	0x3000      	MOVLW      0
0x0054	0x00A5      	MOVWF      _value+1
;Traffic light.c,10 :: 		portb = j;
0x0055	0x0871      	MOVF       R1, 0
0x0056	0x0086      	MOVWF      PORTB
;Traffic light.c,11 :: 		delay_ms(500);
0x0057	0x3006      	MOVLW      6
0x0058	0x00FB      	MOVWF      R11
0x0059	0x3013      	MOVLW      19
0x005A	0x00FC      	MOVWF      R12
0x005B	0x30AD      	MOVLW      173
0x005C	0x00FD      	MOVWF      R13
L_manual4:
0x005D	0x0BFD      	DECFSZ     R13, 1
0x005E	0x285D      	GOTO       L_manual4
0x005F	0x0BFC      	DECFSZ     R12, 1
0x0060	0x285D      	GOTO       L_manual4
0x0061	0x0BFB      	DECFSZ     R11, 1
0x0062	0x285D      	GOTO       L_manual4
0x0063	0x0000      	NOP
0x0064	0x0000      	NOP
;Traffic light.c,12 :: 		if (j == 0){
0x0065	0x3000      	MOVLW      0
0x0066	0x0672      	XORWF      R1+1, 0
0x0067	0x1D03      	BTFSS      STATUS, 2
0x0068	0x286B      	GOTO       L__manual60
0x0069	0x3000      	MOVLW      0
0x006A	0x0671      	XORWF      R1, 0
L__manual60:
0x006B	0x1D03      	BTFSS      STATUS, 2
0x006C	0x286F      	GOTO       L_manual5
;Traffic light.c,13 :: 		portc.b4 = 0;
0x006D	0x1207      	BCF        PORTC, 4
;Traffic light.c,14 :: 		portc.b2 = 0;
0x006E	0x1107      	BCF        PORTC, 2
;Traffic light.c,15 :: 		}
L_manual5:
;Traffic light.c,8 :: 		for (j = 3; j >= 0; --j){
0x006F	0x3001      	MOVLW      1
0x0070	0x02F1      	SUBWF      R1, 1
0x0071	0x1C03      	BTFSS      STATUS, 0
0x0072	0x03F2      	DECF       R1+1, 1
;Traffic light.c,16 :: 		}
0x0073	0x2846      	GOTO       L_manual1
L_manual2:
;Traffic light.c,17 :: 		}
0x0074	0x28B1      	GOTO       L_manual6
L_manual0:
;Traffic light.c,18 :: 		else if (flag == 3){
0x0075	0x3000      	MOVLW      0
0x0076	0x0623      	XORWF      _flag+1, 0
0x0077	0x1D03      	BTFSS      STATUS, 2
0x0078	0x287B      	GOTO       L__manual61
0x0079	0x3003      	MOVLW      3
0x007A	0x0622      	XORWF      _flag, 0
L__manual61:
0x007B	0x1D03      	BTFSS      STATUS, 2
0x007C	0x28B1      	GOTO       L_manual7
;Traffic light.c,19 :: 		portc.b6 = 0;
0x007D	0x1307      	BCF        PORTC, 6
;Traffic light.c,20 :: 		portc.b5 = 1;
0x007E	0x1687      	BSF        PORTC, 5
;Traffic light.c,21 :: 		for (j = 3; j >= 0; --j){
0x007F	0x3003      	MOVLW      3
0x0080	0x00F1      	MOVWF      R1
0x0081	0x3000      	MOVLW      0
0x0082	0x00F2      	MOVWF      R1+1
L_manual8:
0x0083	0x3080      	MOVLW      128
0x0084	0x0672      	XORWF      R1+1, 0
0x0085	0x00F0      	MOVWF      R0
0x0086	0x3080      	MOVLW      128
0x0087	0x0270      	SUBWF      R0, 0
0x0088	0x1D03      	BTFSS      STATUS, 2
0x0089	0x288C      	GOTO       L__manual62
0x008A	0x3000      	MOVLW      0
0x008B	0x0271      	SUBWF      R1, 0
L__manual62:
0x008C	0x1C03      	BTFSS      STATUS, 0
0x008D	0x28B1      	GOTO       L_manual9
;Traffic light.c,22 :: 		value = 2;
0x008E	0x3002      	MOVLW      2
0x008F	0x00A4      	MOVWF      _value
0x0090	0x3000      	MOVLW      0
0x0091	0x00A5      	MOVWF      _value+1
;Traffic light.c,23 :: 		portb = j;
0x0092	0x0871      	MOVF       R1, 0
0x0093	0x0086      	MOVWF      PORTB
;Traffic light.c,24 :: 		delay_ms(500);
0x0094	0x3006      	MOVLW      6
0x0095	0x00FB      	MOVWF      R11
0x0096	0x3013      	MOVLW      19
0x0097	0x00FC      	MOVWF      R12
0x0098	0x30AD      	MOVLW      173
0x0099	0x00FD      	MOVWF      R13
L_manual11:
0x009A	0x0BFD      	DECFSZ     R13, 1
0x009B	0x289A      	GOTO       L_manual11
0x009C	0x0BFC      	DECFSZ     R12, 1
0x009D	0x289A      	GOTO       L_manual11
0x009E	0x0BFB      	DECFSZ     R11, 1
0x009F	0x289A      	GOTO       L_manual11
0x00A0	0x0000      	NOP
0x00A1	0x0000      	NOP
;Traffic light.c,25 :: 		if (j == 0){
0x00A2	0x3000      	MOVLW      0
0x00A3	0x0672      	XORWF      R1+1, 0
0x00A4	0x1D03      	BTFSS      STATUS, 2
0x00A5	0x28A8      	GOTO       L__manual63
0x00A6	0x3000      	MOVLW      0
0x00A7	0x0671      	XORWF      R1, 0
L__manual63:
0x00A8	0x1D03      	BTFSS      STATUS, 2
0x00A9	0x28AC      	GOTO       L_manual12
;Traffic light.c,26 :: 		portc.b1 = 0;
0x00AA	0x1087      	BCF        PORTC, 1
;Traffic light.c,27 :: 		portc.b5 = 0;
0x00AB	0x1287      	BCF        PORTC, 5
;Traffic light.c,28 :: 		}
L_manual12:
;Traffic light.c,21 :: 		for (j = 3; j >= 0; --j){
0x00AC	0x3001      	MOVLW      1
0x00AD	0x02F1      	SUBWF      R1, 1
0x00AE	0x1C03      	BTFSS      STATUS, 0
0x00AF	0x03F2      	DECF       R1+1, 1
;Traffic light.c,29 :: 		}
0x00B0	0x2883      	GOTO       L_manual8
L_manual9:
;Traffic light.c,30 :: 		}
L_manual7:
L_manual6:
;Traffic light.c,31 :: 		}
L_end_manual:
0x00B1	0x0008      	RETURN
; end of _manual
_check:
;Traffic light.c,72 :: 		int check(){
;Traffic light.c,73 :: 		if (value == 2){
0x00B2	0x3000      	MOVLW      0
0x00B3	0x1283      	BCF        STATUS, 5
0x00B4	0x1303      	BCF        STATUS, 6
0x00B5	0x0625      	XORWF      _value+1, 0
0x00B6	0x1D03      	BTFSS      STATUS, 2
0x00B7	0x28BA      	GOTO       L__check72
0x00B8	0x3002      	MOVLW      2
0x00B9	0x0624      	XORWF      _value, 0
L__check72:
0x00BA	0x1D03      	BTFSS      STATUS, 2
0x00BB	0x28C3      	GOTO       L_check21
;Traffic light.c,74 :: 		value = 0;
0x00BC	0x01A4      	CLRF       _value
0x00BD	0x01A5      	CLRF       _value+1
;Traffic light.c,75 :: 		return 1;
0x00BE	0x3001      	MOVLW      1
0x00BF	0x00F0      	MOVWF      R0
0x00C0	0x3000      	MOVLW      0
0x00C1	0x00F1      	MOVWF      R0+1
0x00C2	0x28D4      	GOTO       L_end_check
;Traffic light.c,76 :: 		}
L_check21:
;Traffic light.c,77 :: 		else if (value == 3){
0x00C3	0x3000      	MOVLW      0
0x00C4	0x0625      	XORWF      _value+1, 0
0x00C5	0x1D03      	BTFSS      STATUS, 2
0x00C6	0x28C9      	GOTO       L__check73
0x00C7	0x3003      	MOVLW      3
0x00C8	0x0624      	XORWF      _value, 0
L__check73:
0x00C9	0x1D03      	BTFSS      STATUS, 2
0x00CA	0x28D0      	GOTO       L_check23
;Traffic light.c,78 :: 		value = 0;
0x00CB	0x01A4      	CLRF       _value
0x00CC	0x01A5      	CLRF       _value+1
;Traffic light.c,79 :: 		return 0;
0x00CD	0x01F0      	CLRF       R0
0x00CE	0x01F1      	CLRF       R0+1
0x00CF	0x28D4      	GOTO       L_end_check
;Traffic light.c,80 :: 		}
L_check23:
;Traffic light.c,82 :: 		return -1; // default value
0x00D0	0x30FF      	MOVLW      255
0x00D1	0x00F0      	MOVWF      R0
0x00D2	0x30FF      	MOVLW      255
0x00D3	0x00F1      	MOVWF      R0+1
;Traffic light.c,83 :: 		}
L_end_check:
0x00D4	0x0008      	RETURN
; end of _check
_turnOnOtherLeds:
;Traffic light.c,56 :: 		void turnOnOtherLeds(int count){
;Traffic light.c,57 :: 		portc.b1 = 1; // The red led will be always on untill the loop finishes
0x00D5	0x1283      	BCF        STATUS, 5
0x00D6	0x1303      	BCF        STATUS, 6
0x00D7	0x1487      	BSF        PORTC, 1
;Traffic light.c,58 :: 		if (count <= 3){
0x00D8	0x3080      	MOVLW      128
0x00D9	0x00F0      	MOVWF      R0
0x00DA	0x3080      	MOVLW      128
0x00DB	0x0629      	XORWF      FARG_turnOnOtherLeds_count+1, 0
0x00DC	0x0270      	SUBWF      R0, 0
0x00DD	0x1D03      	BTFSS      STATUS, 2
0x00DE	0x28E1      	GOTO       L__turnOnOtherLeds69
0x00DF	0x0828      	MOVF       FARG_turnOnOtherLeds_count, 0
0x00E0	0x3C03      	SUBLW      3
L__turnOnOtherLeds69:
0x00E1	0x1C03      	BTFSS      STATUS, 0
0x00E2	0x28E6      	GOTO       L_turnOnOtherLeds18
;Traffic light.c,59 :: 		portc.b6 = 0;
0x00E3	0x1307      	BCF        PORTC, 6
;Traffic light.c,60 :: 		portc.b5 = 1;
0x00E4	0x1687      	BSF        PORTC, 5
;Traffic light.c,61 :: 		}
0x00E5	0x28E7      	GOTO       L_turnOnOtherLeds19
L_turnOnOtherLeds18:
;Traffic light.c,63 :: 		portc.b6 = 1;
0x00E6	0x1707      	BSF        PORTC, 6
L_turnOnOtherLeds19:
;Traffic light.c,65 :: 		if (count == 0){
0x00E7	0x3000      	MOVLW      0
0x00E8	0x0629      	XORWF      FARG_turnOnOtherLeds_count+1, 0
0x00E9	0x1D03      	BTFSS      STATUS, 2
0x00EA	0x28ED      	GOTO       L__turnOnOtherLeds70
0x00EB	0x3000      	MOVLW      0
0x00EC	0x0628      	XORWF      FARG_turnOnOtherLeds_count, 0
L__turnOnOtherLeds70:
0x00ED	0x1D03      	BTFSS      STATUS, 2
0x00EE	0x28F2      	GOTO       L_turnOnOtherLeds20
;Traffic light.c,66 :: 		portc.b1 = 0;
0x00EF	0x1087      	BCF        PORTC, 1
;Traffic light.c,67 :: 		portc.b6 = 0;
0x00F0	0x1307      	BCF        PORTC, 6
;Traffic light.c,68 :: 		portc.b5 = 0;
0x00F1	0x1287      	BCF        PORTC, 5
;Traffic light.c,69 :: 		}
L_turnOnOtherLeds20:
;Traffic light.c,70 :: 		}
L_end_turnOnOtherLeds:
0x00F2	0x0008      	RETURN
; end of _turnOnOtherLeds
___CC2DW:
;__Lib_System.c,134 :: 		
;__Lib_System.c,137 :: 		
_CC2D_Loop1:
;__Lib_System.c,139 :: 		
0x00F3	0x2003      	CALL       _____DoICP
0x00F4	0x118A      	BCF        PCLATH, 3
0x00F5	0x120A      	BCF        PCLATH, 4
;__Lib_System.c,141 :: 		
0x00F6	0x0080      	MOVWF      INDF
;__Lib_System.c,142 :: 		
0x00F7	0x0A84      	INCF       FSR, 1
;__Lib_System.c,143 :: 		
0x00F8	0x0AA0      	INCF       ___DoICPAddr, 1
;__Lib_System.c,145 :: 		
0x00F9	0x1903      	BTFSC      STATUS, 2
;__Lib_System.c,146 :: 		
0x00FA	0x0AA1      	INCF       ___DoICPAddr+1, 1
;__Lib_System.c,147 :: 		
0x00FB	0x03F0      	DECF       R0, 1
;__Lib_System.c,149 :: 		
0x00FC	0x1D03      	BTFSS      STATUS, 2
;__Lib_System.c,150 :: 		
0x00FD	0x28F3      	GOTO       _CC2D_Loop1
;__Lib_System.c,152 :: 		
L_end___CC2DW:
0x00FE	0x0008      	RETURN
; end of ___CC2DW
_main:
;Traffic light.c,85 :: 		void main() {
;Traffic light.c,87 :: 		trisb = 0;
0x00FF	0x1683      	BSF        STATUS, 5
0x0100	0x1303      	BCF        STATUS, 6
0x0101	0x0186      	CLRF       TRISB
;Traffic light.c,88 :: 		trisc = 0b10000001;
0x0102	0x3081      	MOVLW      129
0x0103	0x0087      	MOVWF      TRISC
;Traffic light.c,89 :: 		trisd = 0;
0x0104	0x0188      	CLRF       TRISD
;Traffic light.c,90 :: 		portd = 255;
0x0105	0x30FF      	MOVLW      255
0x0106	0x1283      	BCF        STATUS, 5
0x0107	0x0088      	MOVWF      PORTD
;Traffic light.c,91 :: 		portb = 0;
0x0108	0x0186      	CLRF       PORTB
;Traffic light.c,92 :: 		portc = 0;
0x0109	0x0187      	CLRF       PORTC
;Traffic light.c,94 :: 		while (1)
L_main25:
;Traffic light.c,96 :: 		flag = 2;
0x010A	0x3002      	MOVLW      2
0x010B	0x00A2      	MOVWF      _flag
0x010C	0x3000      	MOVLW      0
0x010D	0x00A3      	MOVWF      _flag+1
;Traffic light.c,97 :: 		for (i = 35 ; i >= 0; i--)
0x010E	0x3023      	MOVLW      35
0x010F	0x00A6      	MOVWF      main_i_L0
0x0110	0x3000      	MOVLW      0
0x0111	0x00A7      	MOVWF      main_i_L0+1
L_main27:
0x0112	0x3080      	MOVLW      128
0x0113	0x0627      	XORWF      main_i_L0+1, 0
0x0114	0x00F0      	MOVWF      R0
0x0115	0x3080      	MOVLW      128
0x0116	0x0270      	SUBWF      R0, 0
0x0117	0x1D03      	BTFSS      STATUS, 2
0x0118	0x291B      	GOTO       L__main75
0x0119	0x3000      	MOVLW      0
0x011A	0x0226      	SUBWF      main_i_L0, 0
L__main75:
0x011B	0x1C03      	BTFSS      STATUS, 0
0x011C	0x298B      	GOTO       L_main28
;Traffic light.c,99 :: 		if (i == 31)
0x011D	0x3000      	MOVLW      0
0x011E	0x0627      	XORWF      main_i_L0+1, 0
0x011F	0x1D03      	BTFSS      STATUS, 2
0x0120	0x2923      	GOTO       L__main76
0x0121	0x301F      	MOVLW      31
0x0122	0x0626      	XORWF      main_i_L0, 0
L__main76:
0x0123	0x1D03      	BTFSS      STATUS, 2
0x0124	0x292A      	GOTO       L_main30
;Traffic light.c,100 :: 		i -= 6;
0x0125	0x3006      	MOVLW      6
0x0126	0x02A6      	SUBWF      main_i_L0, 1
0x0127	0x1C03      	BTFSS      STATUS, 0
0x0128	0x03A7      	DECF       main_i_L0+1, 1
0x0129	0x2936      	GOTO       L_main31
L_main30:
;Traffic light.c,101 :: 		else if (i == 15)
0x012A	0x3000      	MOVLW      0
0x012B	0x0627      	XORWF      main_i_L0+1, 0
0x012C	0x1D03      	BTFSS      STATUS, 2
0x012D	0x2930      	GOTO       L__main77
0x012E	0x300F      	MOVLW      15
0x012F	0x0626      	XORWF      main_i_L0, 0
L__main77:
0x0130	0x1D03      	BTFSS      STATUS, 2
0x0131	0x2936      	GOTO       L_main32
;Traffic light.c,102 :: 		i -= 6;
0x0132	0x3006      	MOVLW      6
0x0133	0x02A6      	SUBWF      main_i_L0, 1
0x0134	0x1C03      	BTFSS      STATUS, 0
0x0135	0x03A7      	DECF       main_i_L0+1, 1
L_main32:
L_main31:
;Traffic light.c,103 :: 		if (portc.b7 != 0)
0x0136	0x1F87      	BTFSS      PORTC, 7
0x0137	0x293A      	GOTO       L_main33
;Traffic light.c,104 :: 		portb = i;
0x0138	0x0826      	MOVF       main_i_L0, 0
0x0139	0x0086      	MOVWF      PORTB
L_main33:
;Traffic light.c,105 :: 		turnOnFirstLeds(i);
0x013A	0x0826      	MOVF       main_i_L0, 0
0x013B	0x00A8      	MOVWF      FARG_turnOnFirstLeds_count
0x013C	0x0827      	MOVF       main_i_L0+1, 0
0x013D	0x00A9      	MOVWF      FARG_turnOnFirstLeds_count+1
0x013E	0x200A      	CALL       _turnOnFirstLeds
;Traffic light.c,106 :: 		delay_ms(500);
0x013F	0x3006      	MOVLW      6
0x0140	0x00FB      	MOVWF      R11
0x0141	0x3013      	MOVLW      19
0x0142	0x00FC      	MOVWF      R12
0x0143	0x30AD      	MOVLW      173
0x0144	0x00FD      	MOVWF      R13
L_main34:
0x0145	0x0BFD      	DECFSZ     R13, 1
0x0146	0x2945      	GOTO       L_main34
0x0147	0x0BFC      	DECFSZ     R12, 1
0x0148	0x2945      	GOTO       L_main34
0x0149	0x0BFB      	DECFSZ     R11, 1
0x014A	0x2945      	GOTO       L_main34
0x014B	0x0000      	NOP
0x014C	0x0000      	NOP
;Traffic light.c,107 :: 		if (portc.b7 == 0){
0x014D	0x1B87      	BTFSC      PORTC, 7
0x014E	0x297B      	GOTO       L_main35
;Traffic light.c,108 :: 		if (i <= 3){portb = i; continue;}
0x014F	0x3080      	MOVLW      128
0x0150	0x00F0      	MOVWF      R0
0x0151	0x3080      	MOVLW      128
0x0152	0x0627      	XORWF      main_i_L0+1, 0
0x0153	0x0270      	SUBWF      R0, 0
0x0154	0x1D03      	BTFSS      STATUS, 2
0x0155	0x2958      	GOTO       L__main78
0x0156	0x0826      	MOVF       main_i_L0, 0
0x0157	0x3C03      	SUBLW      3
L__main78:
0x0158	0x1C03      	BTFSS      STATUS, 0
0x0159	0x295D      	GOTO       L_main36
0x015A	0x0826      	MOVF       main_i_L0, 0
0x015B	0x0086      	MOVWF      PORTB
0x015C	0x2986      	GOTO       L_main29
L_main36:
;Traffic light.c,109 :: 		portb = 0;
0x015D	0x0186      	CLRF       PORTB
;Traffic light.c,110 :: 		while (portc.b0 == 0) {if (find() == 1) {break;}}
L_main37:
0x015E	0x1807      	BTFSC      PORTC, 0
0x015F	0x296B      	GOTO       L_main38
0x0160	0x2028      	CALL       _find
0x0161	0x3000      	MOVLW      0
0x0162	0x0671      	XORWF      R0+1, 0
0x0163	0x1D03      	BTFSS      STATUS, 2
0x0164	0x2967      	GOTO       L__main79
0x0165	0x3001      	MOVLW      1
0x0166	0x0670      	XORWF      R0, 0
L__main79:
0x0167	0x1D03      	BTFSS      STATUS, 2
0x0168	0x296A      	GOTO       L_main39
0x0169	0x296B      	GOTO       L_main38
L_main39:
0x016A	0x295E      	GOTO       L_main37
L_main38:
;Traffic light.c,111 :: 		if (find() == 1) {i = 36; continue;};
0x016B	0x2028      	CALL       _find
0x016C	0x3000      	MOVLW      0
0x016D	0x0671      	XORWF      R0+1, 0
0x016E	0x1D03      	BTFSS      STATUS, 2
0x016F	0x2972      	GOTO       L__main80
0x0170	0x3001      	MOVLW      1
0x0171	0x0670      	XORWF      R0, 0
L__main80:
0x0172	0x1D03      	BTFSS      STATUS, 2
0x0173	0x2979      	GOTO       L_main40
0x0174	0x3024      	MOVLW      36
0x0175	0x00A6      	MOVWF      main_i_L0
0x0176	0x3000      	MOVLW      0
0x0177	0x00A7      	MOVWF      main_i_L0+1
0x0178	0x2986      	GOTO       L_main29
L_main40:
;Traffic light.c,112 :: 		manual();
0x0179	0x2036      	CALL       _manual
;Traffic light.c,113 :: 		}
0x017A	0x297C      	GOTO       L_main41
L_main35:
;Traffic light.c,115 :: 		continue;
0x017B	0x2986      	GOTO       L_main29
L_main41:
;Traffic light.c,116 :: 		if (check() == 0) {break;};
0x017C	0x20B2      	CALL       _check
0x017D	0x3000      	MOVLW      0
0x017E	0x0671      	XORWF      R0+1, 0
0x017F	0x1D03      	BTFSS      STATUS, 2
0x0180	0x2983      	GOTO       L__main81
0x0181	0x3000      	MOVLW      0
0x0182	0x0670      	XORWF      R0, 0
L__main81:
0x0183	0x1D03      	BTFSS      STATUS, 2
0x0184	0x2986      	GOTO       L_main42
0x0185	0x298B      	GOTO       L_main28
L_main42:
;Traffic light.c,117 :: 		}
L_main29:
;Traffic light.c,97 :: 		for (i = 35 ; i >= 0; i--)
0x0186	0x3001      	MOVLW      1
0x0187	0x02A6      	SUBWF      main_i_L0, 1
0x0188	0x1C03      	BTFSS      STATUS, 0
0x0189	0x03A7      	DECF       main_i_L0+1, 1
;Traffic light.c,117 :: 		}
0x018A	0x2912      	GOTO       L_main27
L_main28:
;Traffic light.c,119 :: 		flag = 3;
0x018B	0x3003      	MOVLW      3
0x018C	0x00A2      	MOVWF      _flag
0x018D	0x3000      	MOVLW      0
0x018E	0x00A3      	MOVWF      _flag+1
;Traffic light.c,120 :: 		for (i = 21 ; i >= 0; i--)
0x018F	0x3015      	MOVLW      21
0x0190	0x00A6      	MOVWF      main_i_L0
0x0191	0x3000      	MOVLW      0
0x0192	0x00A7      	MOVWF      main_i_L0+1
L_main43:
0x0193	0x3080      	MOVLW      128
0x0194	0x0627      	XORWF      main_i_L0+1, 0
0x0195	0x00F0      	MOVWF      R0
0x0196	0x3080      	MOVLW      128
0x0197	0x0270      	SUBWF      R0, 0
0x0198	0x1D03      	BTFSS      STATUS, 2
0x0199	0x299C      	GOTO       L__main82
0x019A	0x3000      	MOVLW      0
0x019B	0x0226      	SUBWF      main_i_L0, 0
L__main82:
0x019C	0x1C03      	BTFSS      STATUS, 0
0x019D	0x29FF      	GOTO       L_main44
;Traffic light.c,122 :: 		if (i == 15)
0x019E	0x3000      	MOVLW      0
0x019F	0x0627      	XORWF      main_i_L0+1, 0
0x01A0	0x1D03      	BTFSS      STATUS, 2
0x01A1	0x29A4      	GOTO       L__main83
0x01A2	0x300F      	MOVLW      15
0x01A3	0x0626      	XORWF      main_i_L0, 0
L__main83:
0x01A4	0x1D03      	BTFSS      STATUS, 2
0x01A5	0x29AA      	GOTO       L_main46
;Traffic light.c,123 :: 		i -= 6;
0x01A6	0x3006      	MOVLW      6
0x01A7	0x02A6      	SUBWF      main_i_L0, 1
0x01A8	0x1C03      	BTFSS      STATUS, 0
0x01A9	0x03A7      	DECF       main_i_L0+1, 1
L_main46:
;Traffic light.c,124 :: 		if (portc.b7 != 0)
0x01AA	0x1F87      	BTFSS      PORTC, 7
0x01AB	0x29AE      	GOTO       L_main47
;Traffic light.c,125 :: 		portb = i;
0x01AC	0x0826      	MOVF       main_i_L0, 0
0x01AD	0x0086      	MOVWF      PORTB
L_main47:
;Traffic light.c,126 :: 		turnOnOtherLeds(i);
0x01AE	0x0826      	MOVF       main_i_L0, 0
0x01AF	0x00A8      	MOVWF      FARG_turnOnOtherLeds_count
0x01B0	0x0827      	MOVF       main_i_L0+1, 0
0x01B1	0x00A9      	MOVWF      FARG_turnOnOtherLeds_count+1
0x01B2	0x20D5      	CALL       _turnOnOtherLeds
;Traffic light.c,127 :: 		delay_ms(500);
0x01B3	0x3006      	MOVLW      6
0x01B4	0x00FB      	MOVWF      R11
0x01B5	0x3013      	MOVLW      19
0x01B6	0x00FC      	MOVWF      R12
0x01B7	0x30AD      	MOVLW      173
0x01B8	0x00FD      	MOVWF      R13
L_main48:
0x01B9	0x0BFD      	DECFSZ     R13, 1
0x01BA	0x29B9      	GOTO       L_main48
0x01BB	0x0BFC      	DECFSZ     R12, 1
0x01BC	0x29B9      	GOTO       L_main48
0x01BD	0x0BFB      	DECFSZ     R11, 1
0x01BE	0x29B9      	GOTO       L_main48
0x01BF	0x0000      	NOP
0x01C0	0x0000      	NOP
;Traffic light.c,128 :: 		if (portc.b7 == 0){
0x01C1	0x1B87      	BTFSC      PORTC, 7
0x01C2	0x29EF      	GOTO       L_main49
;Traffic light.c,129 :: 		if (i <= 3){portb = i; continue;}
0x01C3	0x3080      	MOVLW      128
0x01C4	0x00F0      	MOVWF      R0
0x01C5	0x3080      	MOVLW      128
0x01C6	0x0627      	XORWF      main_i_L0+1, 0
0x01C7	0x0270      	SUBWF      R0, 0
0x01C8	0x1D03      	BTFSS      STATUS, 2
0x01C9	0x29CC      	GOTO       L__main84
0x01CA	0x0826      	MOVF       main_i_L0, 0
0x01CB	0x3C03      	SUBLW      3
L__main84:
0x01CC	0x1C03      	BTFSS      STATUS, 0
0x01CD	0x29D1      	GOTO       L_main50
0x01CE	0x0826      	MOVF       main_i_L0, 0
0x01CF	0x0086      	MOVWF      PORTB
0x01D0	0x29FA      	GOTO       L_main45
L_main50:
;Traffic light.c,130 :: 		portb = 0;
0x01D1	0x0186      	CLRF       PORTB
;Traffic light.c,131 :: 		while (portc.b0 == 0) {if (find() == 1) {break;}}
L_main51:
0x01D2	0x1807      	BTFSC      PORTC, 0
0x01D3	0x29DF      	GOTO       L_main52
0x01D4	0x2028      	CALL       _find
0x01D5	0x3000      	MOVLW      0
0x01D6	0x0671      	XORWF      R0+1, 0
0x01D7	0x1D03      	BTFSS      STATUS, 2
0x01D8	0x29DB      	GOTO       L__main85
0x01D9	0x3001      	MOVLW      1
0x01DA	0x0670      	XORWF      R0, 0
L__main85:
0x01DB	0x1D03      	BTFSS      STATUS, 2
0x01DC	0x29DE      	GOTO       L_main53
0x01DD	0x29DF      	GOTO       L_main52
L_main53:
0x01DE	0x29D2      	GOTO       L_main51
L_main52:
;Traffic light.c,132 :: 		if (find() == 1) {i = 22; continue;}
0x01DF	0x2028      	CALL       _find
0x01E0	0x3000      	MOVLW      0
0x01E1	0x0671      	XORWF      R0+1, 0
0x01E2	0x1D03      	BTFSS      STATUS, 2
0x01E3	0x29E6      	GOTO       L__main86
0x01E4	0x3001      	MOVLW      1
0x01E5	0x0670      	XORWF      R0, 0
L__main86:
0x01E6	0x1D03      	BTFSS      STATUS, 2
0x01E7	0x29ED      	GOTO       L_main54
0x01E8	0x3016      	MOVLW      22
0x01E9	0x00A6      	MOVWF      main_i_L0
0x01EA	0x3000      	MOVLW      0
0x01EB	0x00A7      	MOVWF      main_i_L0+1
0x01EC	0x29FA      	GOTO       L_main45
L_main54:
;Traffic light.c,133 :: 		manual();
0x01ED	0x2036      	CALL       _manual
;Traffic light.c,134 :: 		}
0x01EE	0x29F0      	GOTO       L_main55
L_main49:
;Traffic light.c,136 :: 		continue;
0x01EF	0x29FA      	GOTO       L_main45
L_main55:
;Traffic light.c,137 :: 		if (check() == 1){break;};
0x01F0	0x20B2      	CALL       _check
0x01F1	0x3000      	MOVLW      0
0x01F2	0x0671      	XORWF      R0+1, 0
0x01F3	0x1D03      	BTFSS      STATUS, 2
0x01F4	0x29F7      	GOTO       L__main87
0x01F5	0x3001      	MOVLW      1
0x01F6	0x0670      	XORWF      R0, 0
L__main87:
0x01F7	0x1D03      	BTFSS      STATUS, 2
0x01F8	0x29FA      	GOTO       L_main56
0x01F9	0x29FF      	GOTO       L_main44
L_main56:
;Traffic light.c,138 :: 		}
L_main45:
;Traffic light.c,120 :: 		for (i = 21 ; i >= 0; i--)
0x01FA	0x3001      	MOVLW      1
0x01FB	0x02A6      	SUBWF      main_i_L0, 1
0x01FC	0x1C03      	BTFSS      STATUS, 0
0x01FD	0x03A7      	DECF       main_i_L0+1, 1
;Traffic light.c,138 :: 		}
0x01FE	0x2993      	GOTO       L_main43
L_main44:
;Traffic light.c,139 :: 		}
0x01FF	0x290A      	GOTO       L_main25
;Traffic light.c,140 :: 		}
L_end_main:
0x0200	0x2A00      	GOTO       $+0
; end of _main
Symbol List:
//** Routines locations **
//ADDRESS    SIZE    PROCEDURE
//----------------------------------------------
0x0003       [7]    _____DoICP
0x000A      [30]    _turnOnFirstLeds
0x0028      [14]    _find
0x0036     [124]    _manual
0x00B2      [35]    _check
0x00D5      [30]    _turnOnOtherLeds
0x00F3      [12]    ___CC2DW
0x00FF     [258]    _main
//** Variables locations ** 
//ADDRESS    SIZE    VARIABLE
//----------------------------------------------
0x0000       [1]    INDF
0x0002       [1]    PCL
0x0003       [1]    STATUS
0x0004       [1]    FSR
0x0006       [1]    PORTB
0x0007       [1]    PORTC
0x0008       [1]    PORTD
0x000A       [1]    PCLATH
0x0020       [2]    ___DoICPAddr
0x0022       [2]    _flag
0x0024       [2]    _value
0x0026       [2]    main_i_L0
0x0028       [2]    FARG_turnOnOtherLeds_count
0x0028       [2]    FARG_turnOnFirstLeds_count
0x0070       [1]    R0
0x0071       [1]    R1
0x0072       [1]    R2
0x0073       [1]    R3
0x0074       [1]    R4
0x0075       [1]    R5
0x0076       [1]    R6
0x0077       [1]    R7
0x0078       [1]    R8
0x0079       [1]    R9
0x007A       [1]    R10
0x007B       [1]    R11
0x007C       [1]    R12
0x007D       [1]    R13
0x007E       [1]    R14
0x007F       [1]    R15
0x0086       [1]    TRISB
0x0087       [1]    TRISC
0x0088       [1]    TRISD
//** Label List: ** 
//----------------------------------------------
  L_manual0
  L_manual1
  L_manual2
  L_manual3
  L_manual4
  L_manual5
  L_manual6
  L_manual7
  L_manual8
  L_manual9
  L_manual10
  L_manual11
  L_manual12
  L_find13
  L_find14
  L_turnOnFirstLeds15
  L_turnOnFirstLeds16
  L_turnOnFirstLeds17
  L_turnOnOtherLeds18
  L_turnOnOtherLeds19
  L_turnOnOtherLeds20
  L_check21
  L_check22
  L_check23
  L_check24
  L_main25
  L_main26
  L_main27
  L_main28
  L_main29
  L_main30
  L_main31
  L_main32
  L_main33
  L_main34
  L_main35
  L_main36
  L_main37
  L_main38
  L_main39
  L_main40
  L_main41
  L_main42
  L_main43
  L_main44
  L_main45
  L_main46
  L_main47
  L_main48
  L_main49
  L_main50
  L_main51
  L_main52
  L_main53
  L_main54
  L_main55
  L_main56
  L_end_manual
  _manual
  L__manual58
  L__manual59
  L__manual60
  L__manual61
  L__manual62
  L__manual63
  L_end_find
  _find
  L_end_turnOnFirstLeds
  _turnOnFirstLeds
  L__turnOnFirstLeds66
  L__turnOnFirstLeds67
  L_end_turnOnOtherLeds
  _turnOnOtherLeds
  L__turnOnOtherLeds69
  L__turnOnOtherLeds70
  L_end_check
  _check
  L__check72
  L__check73
  L_end_main
  _main
  L__main75
  L__main76
  L__main77
  L__main78
  L__main79
  L__main80
  L__main81
  L__main82
  L__main83
  L__main84
  L__main85
  L__main86
  L__main87
  L_loopCA2AWs
  L_CA2AWend
  _CCA2AW_Loop1
  L_loopCS2Ss
  L_CS2Send
  _CCS2S_Loop1
  L_CCS2Send
  L_loopFZinSWs
  L_FZinSend
  _CC2D_Loop1
  L_end_____DoICP
  _____DoICP
  L_end_____DoIFC
  _____DoIFC
  L_end___CA2AW
  ___CA2AW
  L_end___CCA2AW
  ___CCA2AW
  L_end___CS2S
  ___CS2S
  L_end___CCS2S
  ___CCS2S
  L_end___FZinS
  ___FZinS
  L_end___CC2DW
  ___CC2DW
  L_end_Swap
  _Swap
